<?xml version="1.0" encoding="UTF-8"?>
<!-- Generated by org.testng.reporters.JUnitXMLReporter -->
<testsuite ignored="0" hostname="Manikandan" failures="0" tests="3" name="user-sam" time="17.347" errors="0" timestamp="2025-07-15T15:29:22 IST">
  <testcase classname="com.vinsguru.tests.vendorportal.VendorPortalTest" name="loginTest" time="2.992"/>
  <testcase classname="com.vinsguru.tests.vendorportal.VendorPortalTest" name="dashboardTest" time="4.129"/>
  <testcase classname="com.vinsguru.tests.vendorportal.VendorPortalTest" name="logoutTest" time="4.361"/>
</testsuite> <!-- user-sam -->
