<?xml version="1.0" encoding="UTF-8"?>
<!-- Generated by org.testng.reporters.JUnitXMLReporter -->
<testsuite ignored="0" hostname="Manikandan" failures="0" tests="3" name="user-sam" time="31.467" errors="0" timestamp="2025-07-12T21:35:15 IST">
  <testcase classname="com.vinsguru.tests.vendorportal.VendorPortalTest" name="loginTest" time="4.69"/>
  <testcase classname="com.vinsguru.tests.vendorportal.VendorPortalTest" name="dashboardTest" time="4.48"/>
  <testcase classname="com.vinsguru.tests.vendorportal.VendorPortalTest" name="logoutTest" time="7.429"/>
</testsuite> <!-- user-sam -->
