<?xml version="1.0" encoding="UTF-8"?>
<!-- Generated by org.testng.reporters.JUnitXMLReporter -->
<testsuite ignored="0" hostname="Manikandan" failures="0" tests="3" name="user-john" time="25.579" errors="0" timestamp="2025-07-15T15:29:30 IST">
  <testcase classname="com.vinsguru.tests.vendorportal.VendorPortalTest" name="loginTest" time="1.629"/>
  <testcase classname="com.vinsguru.tests.vendorportal.VendorPortalTest" name="dashboardTest" time="2.145"/>
  <testcase classname="com.vinsguru.tests.vendorportal.VendorPortalTest" name="logoutTest" time="2.108"/>
</testsuite> <!-- user-john -->
