<?xml version="1.0" encoding="UTF-8"?>
<!-- Generated by org.testng.reporters.JUnitXMLReporter -->
<testsuite ignored="0" hostname="Manikandan" failures="0" tests="5" name="passengers-count-3" time="66.07" errors="0" timestamp="2025-07-05T12:25:27 IST">
  <testcase classname="com.vinsguru.tests.flightreservation.FlightReservationTest" name="userRegistrationTest" time="13.074"/>
  <testcase classname="com.vinsguru.tests.flightreservation.FlightReservationTest" name="registrationConfirmationTest" time="3.336"/>
  <testcase classname="com.vinsguru.tests.flightreservation.FlightReservationTest" name="flightsSearchTest" time="1.899"/>
  <testcase classname="com.vinsguru.tests.flightreservation.FlightReservationTest" name="flightsSelectionTest" time="3.792"/>
  <testcase classname="com.vinsguru.tests.flightreservation.FlightReservationTest" name="flightReservationConfirmationTest" time="2.959"/>
</testsuite> <!-- passengers-count-3 -->
